<?xml version="1.0" encoding="UTF-8"?>
<!-- Generated by org.testng.reporters.JUnitReportReporter -->
<testsuite hostname="LAPTOP-3LDBFHIR" name="selenium.CrossBrowserTesting" tests="2" failures="0" timestamp="21 Oct 2021 21:38:57 GMT" time="7.166" errors="0">
  <testcase name="test" time="5.737" classname="selenium.CrossBrowserTesting"/>
  <testcase name="test" time="1.429" classname="selenium.CrossBrowserTesting"/>
</testsuite> <!-- selenium.CrossBrowserTesting -->
